\BOOKMARK [0][-]{chapter.1}{\376\377\000D\000a\000t\000a\000\040\000S\000t\000r\000u\000c\000t\000u\000r\000e\000\040\000I\000n\000d\000e\000x}{}% 1
\BOOKMARK [1][-]{section.1.1}{\376\377\000D\000a\000t\000a\000\040\000S\000t\000r\000u\000c\000t\000u\000r\000e\000s}{chapter.1}% 2
\BOOKMARK [0][-]{chapter.2}{\376\377\000F\000i\000l\000e\000\040\000I\000n\000d\000e\000x}{}% 3
\BOOKMARK [1][-]{section.2.1}{\376\377\000F\000i\000l\000e\000\040\000L\000i\000s\000t}{chapter.2}% 4
\BOOKMARK [0][-]{chapter.3}{\376\377\000D\000a\000t\000a\000\040\000S\000t\000r\000u\000c\000t\000u\000r\000e\000\040\000D\000o\000c\000u\000m\000e\000n\000t\000a\000t\000i\000o\000n}{}% 5
\BOOKMARK [1][-]{section.3.1}{\376\377\000c\000o\000n\000t\000e\000x\000t\000\040\000S\000t\000r\000u\000c\000t\000\040\000R\000e\000f\000e\000r\000e\000n\000c\000e}{chapter.3}% 6
\BOOKMARK [2][-]{subsection.3.1.1}{\376\377\000D\000e\000t\000a\000i\000l\000e\000d\000\040\000D\000e\000s\000c\000r\000i\000p\000t\000i\000o\000n}{section.3.1}% 7
\BOOKMARK [2][-]{subsection.3.1.2}{\376\377\000F\000i\000e\000l\000d\000\040\000D\000o\000c\000u\000m\000e\000n\000t\000a\000t\000i\000o\000n}{section.3.1}% 8
\BOOKMARK [3][-]{subsubsection.3.1.2.1}{\376\377\000A\000X}{subsection.3.1.2}% 9
\BOOKMARK [3][-]{subsubsection.3.1.2.2}{\376\377\000A\000X}{subsection.3.1.2}% 10
\BOOKMARK [3][-]{subsubsection.3.1.2.3}{\376\377\000B\000P}{subsection.3.1.2}% 11
\BOOKMARK [3][-]{subsubsection.3.1.2.4}{\376\377\000B\000P}{subsection.3.1.2}% 12
\BOOKMARK [3][-]{subsubsection.3.1.2.5}{\376\377\000B\000X}{subsection.3.1.2}% 13
\BOOKMARK [3][-]{subsubsection.3.1.2.6}{\376\377\000B\000X}{subsection.3.1.2}% 14
\BOOKMARK [3][-]{subsubsection.3.1.2.7}{\376\377\000C\000S}{subsection.3.1.2}% 15
\BOOKMARK [3][-]{subsubsection.3.1.2.8}{\376\377\000C\000S}{subsection.3.1.2}% 16
\BOOKMARK [3][-]{subsubsection.3.1.2.9}{\376\377\000C\000X}{subsection.3.1.2}% 17
\BOOKMARK [3][-]{subsubsection.3.1.2.10}{\376\377\000C\000X}{subsection.3.1.2}% 18
\BOOKMARK [3][-]{subsubsection.3.1.2.11}{\376\377\000D\000I}{subsection.3.1.2}% 19
\BOOKMARK [3][-]{subsubsection.3.1.2.12}{\376\377\000D\000I}{subsection.3.1.2}% 20
\BOOKMARK [3][-]{subsubsection.3.1.2.13}{\376\377\000D\000S}{subsection.3.1.2}% 21
\BOOKMARK [3][-]{subsubsection.3.1.2.14}{\376\377\000D\000S}{subsection.3.1.2}% 22
\BOOKMARK [3][-]{subsubsection.3.1.2.15}{\376\377\000D\000X}{subsection.3.1.2}% 23
\BOOKMARK [3][-]{subsubsection.3.1.2.16}{\376\377\000D\000X}{subsection.3.1.2}% 24
\BOOKMARK [3][-]{subsubsection.3.1.2.17}{\376\377\000E\000S}{subsection.3.1.2}% 25
\BOOKMARK [3][-]{subsubsection.3.1.2.18}{\376\377\000E\000S}{subsection.3.1.2}% 26
\BOOKMARK [3][-]{subsubsection.3.1.2.19}{\376\377\000F\000L\000A\000G\000S}{subsection.3.1.2}% 27
\BOOKMARK [3][-]{subsubsection.3.1.2.20}{\376\377\000F\000L\000A\000G\000S}{subsection.3.1.2}% 28
\BOOKMARK [3][-]{subsubsection.3.1.2.21}{\376\377\000I\000P}{subsection.3.1.2}% 29
\BOOKMARK [3][-]{subsubsection.3.1.2.22}{\376\377\000I\000P}{subsection.3.1.2}% 30
\BOOKMARK [3][-]{subsubsection.3.1.2.23}{\376\377\000S\000I}{subsection.3.1.2}% 31
\BOOKMARK [3][-]{subsubsection.3.1.2.24}{\376\377\000S\000I}{subsection.3.1.2}% 32
\BOOKMARK [1][-]{section.3.2}{\376\377\000d\000e\000v\000i\000c\000e\000\040\000S\000t\000r\000u\000c\000t\000\040\000R\000e\000f\000e\000r\000e\000n\000c\000e}{chapter.3}% 33
\BOOKMARK [2][-]{subsection.3.2.1}{\376\377\000D\000e\000t\000a\000i\000l\000e\000d\000\040\000D\000e\000s\000c\000r\000i\000p\000t\000i\000o\000n}{section.3.2}% 34
\BOOKMARK [2][-]{subsection.3.2.2}{\376\377\000F\000i\000e\000l\000d\000\040\000D\000o\000c\000u\000m\000e\000n\000t\000a\000t\000i\000o\000n}{section.3.2}% 35
\BOOKMARK [3][-]{subsubsection.3.2.2.1}{\376\377\000f\000l\000a\000g}{subsection.3.2.2}% 36
\BOOKMARK [3][-]{subsubsection.3.2.2.2}{\376\377\000f\000l\000a\000g\000\137\000p\000t\000r}{subsection.3.2.2}% 37
\BOOKMARK [3][-]{subsubsection.3.2.2.3}{\376\377\000i\000n\000b\000u\000f\000f}{subsection.3.2.2}% 38
\BOOKMARK [3][-]{subsubsection.3.2.2.4}{\376\377\000i\000n\000c\000o\000u\000n\000t}{subsection.3.2.2}% 39
\BOOKMARK [3][-]{subsubsection.3.2.2.5}{\376\377\000i\000n\000d\000o\000n\000e}{subsection.3.2.2}% 40
\BOOKMARK [3][-]{subsubsection.3.2.2.6}{\376\377\000o\000u\000t\000b\000u\000f\000f}{subsection.3.2.2}% 41
\BOOKMARK [3][-]{subsubsection.3.2.2.7}{\376\377\000o\000u\000t\000c\000o\000u\000n\000t}{subsection.3.2.2}% 42
\BOOKMARK [3][-]{subsubsection.3.2.2.8}{\376\377\000o\000u\000t\000d\000o\000n\000e}{subsection.3.2.2}% 43
\BOOKMARK [3][-]{subsubsection.3.2.2.9}{\376\377\000r\000i\000n\000g\000b\000u\000f}{subsection.3.2.2}% 44
\BOOKMARK [3][-]{subsubsection.3.2.2.10}{\376\377\000r\000i\000n\000g\000b\000u\000f\000c\000o\000u\000n\000t}{subsection.3.2.2}% 45
\BOOKMARK [3][-]{subsubsection.3.2.2.11}{\376\377\000r\000i\000n\000g\000b\000u\000f\000i\000n}{subsection.3.2.2}% 46
\BOOKMARK [3][-]{subsubsection.3.2.2.12}{\376\377\000r\000i\000n\000g\000b\000u\000f\000o\000u\000t}{subsection.3.2.2}% 47
\BOOKMARK [3][-]{subsubsection.3.2.2.13}{\376\377\000s\000t\000a\000t\000u\000s}{subsection.3.2.2}% 48
\BOOKMARK [1][-]{section.3.3}{\376\377\000m\000e\000m\000\040\000S\000t\000r\000u\000c\000t\000\040\000R\000e\000f\000e\000r\000e\000n\000c\000e}{chapter.3}% 49
\BOOKMARK [2][-]{subsection.3.3.1}{\376\377\000D\000e\000t\000a\000i\000l\000e\000d\000\040\000D\000e\000s\000c\000r\000i\000p\000t\000i\000o\000n}{section.3.3}% 50
\BOOKMARK [2][-]{subsection.3.3.2}{\376\377\000F\000i\000e\000l\000d\000\040\000D\000o\000c\000u\000m\000e\000n\000t\000a\000t\000i\000o\000n}{section.3.3}% 51
\BOOKMARK [3][-]{subsubsection.3.3.2.1}{\376\377\000e\000x\000e\000c\000A\000D\000D\000R}{subsection.3.3.2}% 52
\BOOKMARK [3][-]{subsubsection.3.3.2.2}{\376\377\000l\000o\000a\000d\000A\000D\000D\000R}{subsection.3.3.2}% 53
\BOOKMARK [3][-]{subsubsection.3.3.2.3}{\376\377\000s\000i\000z\000e}{subsection.3.3.2}% 54
\BOOKMARK [1][-]{section.3.4}{\376\377\000m\000p\000x\000\137\000c\000m\000d\000\040\000S\000t\000r\000u\000c\000t\000\040\000R\000e\000f\000e\000r\000e\000n\000c\000e}{chapter.3}% 55
\BOOKMARK [2][-]{subsection.3.4.1}{\376\377\000D\000e\000t\000a\000i\000l\000e\000d\000\040\000D\000e\000s\000c\000r\000i\000p\000t\000i\000o\000n}{section.3.4}% 56
\BOOKMARK [2][-]{subsection.3.4.2}{\376\377\000F\000i\000e\000l\000d\000\040\000D\000o\000c\000u\000m\000e\000n\000t\000a\000t\000i\000o\000n}{section.3.4}% 57
\BOOKMARK [3][-]{subsubsection.3.4.2.1}{\376\377\000c\000m\000d\000\137\000f\000u\000n\000c\000t\000i\000o\000n}{subsection.3.4.2}% 58
\BOOKMARK [3][-]{subsubsection.3.4.2.2}{\376\377\000c\000m\000d\000\137\000n\000a\000m\000e}{subsection.3.4.2}% 59
\BOOKMARK [3][-]{subsubsection.3.4.2.3}{\376\377\000n\000e\000x\000t}{subsection.3.4.2}% 60
\BOOKMARK [1][-]{section.3.5}{\376\377\000p\000a\000g\000e\000\040\000S\000t\000r\000u\000c\000t\000\040\000R\000e\000f\000e\000r\000e\000n\000c\000e}{chapter.3}% 61
\BOOKMARK [2][-]{subsection.3.5.1}{\376\377\000D\000e\000t\000a\000i\000l\000e\000d\000\040\000D\000e\000s\000c\000r\000i\000p\000t\000i\000o\000n}{section.3.5}% 62
\BOOKMARK [2][-]{subsection.3.5.2}{\376\377\000F\000i\000e\000l\000d\000\040\000D\000o\000c\000u\000m\000e\000n\000t\000a\000t\000i\000o\000n}{section.3.5}% 63
\BOOKMARK [3][-]{subsubsection.3.5.2.1}{\376\377\000l\000e\000f\000t}{subsection.3.5.2}% 64
\BOOKMARK [3][-]{subsubsection.3.5.2.2}{\376\377\000p\000r\000o\000c\000e\000s\000s}{subsection.3.5.2}% 65
\BOOKMARK [3][-]{subsubsection.3.5.2.3}{\376\377\000r\000i\000g\000h\000t}{subsection.3.5.2}% 66
\BOOKMARK [1][-]{section.3.6}{\376\377\000p\000a\000r\000a\000m\000s\000\040\000S\000t\000r\000u\000c\000t\000\040\000R\000e\000f\000e\000r\000e\000n\000c\000e}{chapter.3}% 67
\BOOKMARK [2][-]{subsection.3.6.1}{\376\377\000D\000e\000t\000a\000i\000l\000e\000d\000\040\000D\000e\000s\000c\000r\000i\000p\000t\000i\000o\000n}{section.3.6}% 68
\BOOKMARK [2][-]{subsection.3.6.2}{\376\377\000F\000i\000e\000l\000d\000\040\000D\000o\000c\000u\000m\000e\000n\000t\000a\000t\000i\000o\000n}{section.3.6}% 69
\BOOKMARK [3][-]{subsubsection.3.6.2.1}{\376\377\000b\000u\000f\000\137\000a\000d\000d\000r}{subsection.3.6.2}% 70
\BOOKMARK [3][-]{subsubsection.3.6.2.2}{\376\377\000c\000o\000n\000t\000\137\000a\000d\000d\000r}{subsection.3.6.2}% 71
\BOOKMARK [3][-]{subsubsection.3.6.2.3}{\376\377\000d\000e\000v\000i\000c\000e\000\137\000i\000d}{subsection.3.6.2}% 72
\BOOKMARK [3][-]{subsubsection.3.6.2.4}{\376\377\000o\000p\000\137\000c\000o\000d\000e}{subsection.3.6.2}% 73
\BOOKMARK [1][-]{section.3.7}{\376\377\000p\000r\000o\000c\000e\000s\000s\000\040\000S\000t\000r\000u\000c\000t\000\040\000R\000e\000f\000e\000r\000e\000n\000c\000e}{chapter.3}% 74
\BOOKMARK [2][-]{subsection.3.7.1}{\376\377\000D\000e\000t\000a\000i\000l\000e\000d\000\040\000D\000e\000s\000c\000r\000i\000p\000t\000i\000o\000n}{section.3.7}% 75
\BOOKMARK [2][-]{subsection.3.7.2}{\376\377\000F\000i\000e\000l\000d\000\040\000D\000o\000c\000u\000m\000e\000n\000t\000a\000t\000i\000o\000n}{section.3.7}% 76
\BOOKMARK [3][-]{subsubsection.3.7.2.1}{\376\377\000c\000l\000a\000s\000s\000T\000y\000p\000e}{subsection.3.7.2}% 77
\BOOKMARK [3][-]{subsubsection.3.7.2.2}{\376\377\000m\000e\000m\000d\000s\000c}{subsection.3.7.2}% 78
\BOOKMARK [3][-]{subsubsection.3.7.2.3}{\376\377\000n\000a\000m\000e}{subsection.3.7.2}% 79
\BOOKMARK [3][-]{subsubsection.3.7.2.4}{\376\377\000p\000r\000i\000o\000r\000i\000t\000y}{subsection.3.7.2}% 80
\BOOKMARK [3][-]{subsubsection.3.7.2.5}{\376\377\000s\000t\000a\000c\000k\000d\000s\000c}{subsection.3.7.2}% 81
\BOOKMARK [3][-]{subsubsection.3.7.2.6}{\376\377\000s\000t\000a\000t\000e}{subsection.3.7.2}% 82
\BOOKMARK [1][-]{section.3.8}{\376\377\000r\000o\000o\000t\000\040\000S\000t\000r\000u\000c\000t\000\040\000R\000e\000f\000e\000r\000e\000n\000c\000e}{chapter.3}% 83
\BOOKMARK [2][-]{subsection.3.8.1}{\376\377\000D\000e\000t\000a\000i\000l\000e\000d\000\040\000D\000e\000s\000c\000r\000i\000p\000t\000i\000o\000n}{section.3.8}% 84
\BOOKMARK [2][-]{subsection.3.8.2}{\376\377\000F\000i\000e\000l\000d\000\040\000D\000o\000c\000u\000m\000e\000n\000t\000a\000t\000i\000o\000n}{section.3.8}% 85
\BOOKMARK [3][-]{subsubsection.3.8.2.1}{\376\377\000c\000o\000u\000n\000t}{subsection.3.8.2}% 86
\BOOKMARK [3][-]{subsubsection.3.8.2.2}{\376\377\000n\000o\000d\000e}{subsection.3.8.2}% 87
\BOOKMARK [1][-]{section.3.9}{\376\377\000s\000t\000a\000c\000k\000\040\000S\000t\000r\000u\000c\000t\000\040\000R\000e\000f\000e\000r\000e\000n\000c\000e}{chapter.3}% 88
\BOOKMARK [2][-]{subsection.3.9.1}{\376\377\000D\000e\000t\000a\000i\000l\000e\000d\000\040\000D\000e\000s\000c\000r\000i\000p\000t\000i\000o\000n}{section.3.9}% 89
\BOOKMARK [2][-]{subsection.3.9.2}{\376\377\000F\000i\000e\000l\000d\000\040\000D\000o\000c\000u\000m\000e\000n\000t\000a\000t\000i\000o\000n}{section.3.9}% 90
\BOOKMARK [3][-]{subsubsection.3.9.2.1}{\376\377\000b\000a\000s\000e}{subsection.3.9.2}% 91
\BOOKMARK [3][-]{subsubsection.3.9.2.2}{\376\377\000t\000o\000p}{subsection.3.9.2}% 92
\BOOKMARK [0][-]{chapter.4}{\376\377\000F\000i\000l\000e\000\040\000D\000o\000c\000u\000m\000e\000n\000t\000a\000t\000i\000o\000n}{}% 93
\BOOKMARK [1][-]{section.4.1}{\376\377\000s\000r\000c\000/\000M\000P\000X\000.\000C\000\040\000F\000i\000l\000e\000\040\000R\000e\000f\000e\000r\000e\000n\000c\000e}{chapter.4}% 94
\BOOKMARK [2][-]{subsection.4.1.1}{\376\377\000F\000u\000n\000c\000t\000i\000o\000n\000\040\000D\000o\000c\000u\000m\000e\000n\000t\000a\000t\000i\000o\000n}{section.4.1}% 95
\BOOKMARK [3][-]{subsubsection.4.1.1.1}{\376\377\000m\000a\000i\000n}{subsection.4.1.1}% 96
\BOOKMARK [1][-]{section.4.2}{\376\377\000s\000r\000c\000/\000M\000P\000X\000.\000C}{chapter.4}% 97
\BOOKMARK [1][-]{section.4.3}{\376\377\000s\000r\000c\000/\000M\000P\000X\000\137\000C\000M\000D\000.\000C\000\040\000F\000i\000l\000e\000\040\000R\000e\000f\000e\000r\000e\000n\000c\000e}{chapter.4}% 98
\BOOKMARK [2][-]{subsection.4.3.1}{\376\377\000F\000u\000n\000c\000t\000i\000o\000n\000\040\000D\000o\000c\000u\000m\000e\000n\000t\000a\000t\000i\000o\000n}{section.4.3}% 99
\BOOKMARK [3][-]{subsubsection.4.3.1.1}{\376\377\000m\000p\000x\000\137\000a\000d\000d\000\137\000c\000o\000m\000m\000a\000n\000d}{subsection.4.3.1}% 100
\BOOKMARK [3][-]{subsubsection.4.3.1.2}{\376\377\000m\000p\000x\000\137\000c\000o\000m\000m\000a\000n\000d\000\137\000l\000o\000o\000p}{subsection.4.3.1}% 101
\BOOKMARK [3][-]{subsubsection.4.3.1.3}{\376\377\000m\000p\000x\000c\000m\000d\000\137\000d\000a\000t\000e}{subsection.4.3.1}% 102
\BOOKMARK [3][-]{subsubsection.4.3.1.4}{\376\377\000m\000p\000x\000c\000m\000d\000\137\000e\000x\000i\000t}{subsection.4.3.1}% 103
\BOOKMARK [3][-]{subsubsection.4.3.1.5}{\376\377\000m\000p\000x\000c\000m\000d\000\137\000h\000e\000l\000p}{subsection.4.3.1}% 104
\BOOKMARK [3][-]{subsubsection.4.3.1.6}{\376\377\000m\000p\000x\000c\000m\000d\000\137\000l\000o\000a\000d}{subsection.4.3.1}% 105
\BOOKMARK [3][-]{subsubsection.4.3.1.7}{\376\377\000m\000p\000x\000c\000m\000d\000\137\000p\000r\000o\000m\000p\000t}{subsection.4.3.1}% 106
\BOOKMARK [3][-]{subsubsection.4.3.1.8}{\376\377\000m\000p\000x\000c\000m\000d\000\137\000v\000e\000r\000s\000i\000o\000n}{subsection.4.3.1}% 107
\BOOKMARK [2][-]{subsection.4.3.2}{\376\377\000V\000a\000r\000i\000a\000b\000l\000e\000\040\000D\000o\000c\000u\000m\000e\000n\000t\000a\000t\000i\000o\000n}{section.4.3}% 108
\BOOKMARK [3][-]{subsubsection.4.3.2.1}{\376\377\000a\000n\000y\000k\000e\000y\000\137\000s\000t\000r}{subsection.4.3.2}% 109
\BOOKMARK [3][-]{subsubsection.4.3.2.2}{\376\377\000c\000m\000d\000\137\000h\000e\000a\000d}{subsection.4.3.2}% 110
\BOOKMARK [3][-]{subsubsection.4.3.2.3}{\376\377\000p\000r\000o\000m\000p\000t\000\137\000s\000t\000r}{subsection.4.3.2}% 111
\BOOKMARK [3][-]{subsubsection.4.3.2.4}{\376\377\000w\000e\000l\000c\000o\000m\000e\000\137\000m\000e\000s\000s\000a\000g\000e\000\137\000s\000t\000r}{subsection.4.3.2}% 112
\BOOKMARK [1][-]{section.4.4}{\376\377\000s\000r\000c\000/\000M\000P\000X\000\137\000C\000M\000D\000.\000C}{chapter.4}% 113
\BOOKMARK [1][-]{section.4.5}{\376\377\000s\000r\000c\000/\000m\000p\000x\000\137\000c\000m\000d\000.\000h\000\040\000F\000i\000l\000e\000\040\000R\000e\000f\000e\000r\000e\000n\000c\000e}{chapter.4}% 114
\BOOKMARK [2][-]{subsection.4.5.1}{\376\377\000D\000e\000f\000i\000n\000e\000\040\000D\000o\000c\000u\000m\000e\000n\000t\000a\000t\000i\000o\000n}{section.4.5}% 115
\BOOKMARK [3][-]{subsubsection.4.5.1.1}{\376\377\000M\000A\000X\000\137\000A\000R\000G\000S}{subsection.4.5.1}% 116
\BOOKMARK [3][-]{subsubsection.4.5.1.2}{\376\377\000M\000A\000X\000\137\000L\000I\000N\000E}{subsection.4.5.1}% 117
\BOOKMARK [2][-]{subsection.4.5.2}{\376\377\000T\000y\000p\000e\000d\000e\000f\000\040\000D\000o\000c\000u\000m\000e\000n\000t\000a\000t\000i\000o\000n}{section.4.5}% 118
\BOOKMARK [3][-]{subsubsection.4.5.2.1}{\376\377\000m\000p\000x\000\137\000c\000m\000d\000\137\000t}{subsection.4.5.2}% 119
\BOOKMARK [2][-]{subsection.4.5.3}{\376\377\000F\000u\000n\000c\000t\000i\000o\000n\000\040\000D\000o\000c\000u\000m\000e\000n\000t\000a\000t\000i\000o\000n}{section.4.5}% 120
\BOOKMARK [3][-]{subsubsection.4.5.3.1}{\376\377\000m\000p\000x\000\137\000c\000o\000m\000m\000a\000n\000d\000\137\000l\000o\000o\000p}{subsection.4.5.3}% 121
\BOOKMARK [3][-]{subsubsection.4.5.3.2}{\376\377\000m\000p\000x\000c\000m\000d\000\137\000d\000a\000t\000e}{subsection.4.5.3}% 122
\BOOKMARK [3][-]{subsubsection.4.5.3.3}{\376\377\000m\000p\000x\000c\000m\000d\000\137\000e\000x\000i\000t}{subsection.4.5.3}% 123
\BOOKMARK [3][-]{subsubsection.4.5.3.4}{\376\377\000m\000p\000x\000c\000m\000d\000\137\000h\000e\000l\000p}{subsection.4.5.3}% 124
\BOOKMARK [3][-]{subsubsection.4.5.3.5}{\376\377\000m\000p\000x\000c\000m\000d\000\137\000l\000o\000a\000d}{subsection.4.5.3}% 125
\BOOKMARK [3][-]{subsubsection.4.5.3.6}{\376\377\000m\000p\000x\000c\000m\000d\000\137\000p\000r\000o\000m\000p\000t}{subsection.4.5.3}% 126
\BOOKMARK [3][-]{subsubsection.4.5.3.7}{\376\377\000m\000p\000x\000c\000m\000d\000\137\000v\000e\000r\000s\000i\000o\000n}{subsection.4.5.3}% 127
\BOOKMARK [1][-]{section.4.6}{\376\377\000s\000r\000c\000/\000m\000p\000x\000\137\000c\000m\000d\000.\000h}{chapter.4}% 128
\BOOKMARK [1][-]{section.4.7}{\376\377\000s\000r\000c\000/\000m\000p\000x\000\137\000r\0002\000.\000c\000\040\000F\000i\000l\000e\000\040\000R\000e\000f\000e\000r\000e\000n\000c\000e}{chapter.4}% 129
\BOOKMARK [2][-]{subsection.4.7.1}{\376\377\000F\000u\000n\000c\000t\000i\000o\000n\000\040\000D\000o\000c\000u\000m\000e\000n\000t\000a\000t\000i\000o\000n}{section.4.7}% 130
\BOOKMARK [3][-]{subsubsection.4.7.1.1}{\376\377\000a\000l\000l\000o\000c\000a\000t\000e\000\137\000P\000C\000B}{subsection.4.7.1}% 131
\BOOKMARK [3][-]{subsubsection.4.7.1.2}{\376\377\000f\000i\000n\000d\000\137\000P\000C\000B}{subsection.4.7.1}% 132
\BOOKMARK [3][-]{subsubsection.4.7.1.3}{\376\377\000f\000r\000e\000e\000\137\000P\000C\000B}{subsection.4.7.1}% 133
\BOOKMARK [3][-]{subsubsection.4.7.1.4}{\376\377\000i\000n\000s\000e\000r\000t\000\137\000F\000I\000F\000O}{subsection.4.7.1}% 134
\BOOKMARK [3][-]{subsubsection.4.7.1.5}{\376\377\000i\000n\000s\000e\000r\000t\000\137\000P\000C\000B}{subsection.4.7.1}% 135
\BOOKMARK [3][-]{subsubsection.4.7.1.6}{\376\377\000i\000n\000s\000e\000r\000t\000\137\000P\000O\000R\000D\000R}{subsection.4.7.1}% 136
\BOOKMARK [3][-]{subsubsection.4.7.1.7}{\376\377\000m\000p\000x\000c\000m\000d\000\137\000b\000l\000o\000c\000k}{subsection.4.7.1}% 137
\BOOKMARK [3][-]{subsubsection.4.7.1.8}{\376\377\000m\000p\000x\000c\000m\000d\000\137\000c\000r\000e\000a\000t\000e\000\137\000P\000C\000B}{subsection.4.7.1}% 138
\BOOKMARK [3][-]{subsubsection.4.7.1.9}{\376\377\000m\000p\000x\000c\000m\000d\000\137\000d\000e\000l\000e\000t\000e\000\137\000P\000C\000B}{subsection.4.7.1}% 139
\BOOKMARK [3][-]{subsubsection.4.7.1.10}{\376\377\000m\000p\000x\000c\000m\000d\000\137\000r\000e\000s\000u\000m\000e}{subsection.4.7.1}% 140
\BOOKMARK [3][-]{subsubsection.4.7.1.11}{\376\377\000m\000p\000x\000c\000m\000d\000\137\000s\000e\000t\000P\000r\000i\000o\000r\000i\000t\000y}{subsection.4.7.1}% 141
\BOOKMARK [3][-]{subsubsection.4.7.1.12}{\376\377\000m\000p\000x\000c\000m\000d\000\137\000s\000h\000o\000w\000\137\000P\000C\000B}{subsection.4.7.1}% 142
\BOOKMARK [3][-]{subsubsection.4.7.1.13}{\376\377\000m\000p\000x\000c\000m\000d\000\137\000s\000h\000o\000w\000A\000l\000l\000\137\000P\000C\000B}{subsection.4.7.1}% 143
\BOOKMARK [3][-]{subsubsection.4.7.1.14}{\376\377\000m\000p\000x\000c\000m\000d\000\137\000s\000h\000o\000w\000B\000l\000o\000c\000k\000e\000d\000\137\000P\000C\000B}{subsection.4.7.1}% 144
\BOOKMARK [3][-]{subsubsection.4.7.1.15}{\376\377\000m\000p\000x\000c\000m\000d\000\137\000s\000h\000o\000w\000R\000e\000a\000d\000y\000\137\000P\000C\000B}{subsection.4.7.1}% 145
\BOOKMARK [3][-]{subsubsection.4.7.1.16}{\376\377\000m\000p\000x\000c\000m\000d\000\137\000s\000u\000s\000p\000e\000n\000d}{subsection.4.7.1}% 146
\BOOKMARK [3][-]{subsubsection.4.7.1.17}{\376\377\000m\000p\000x\000c\000m\000d\000\137\000u\000n\000b\000l\000o\000c\000k}{subsection.4.7.1}% 147
\BOOKMARK [3][-]{subsubsection.4.7.1.18}{\376\377\000r\000e\000m\000o\000v\000e\000\137\000P\000C\000B}{subsection.4.7.1}% 148
\BOOKMARK [3][-]{subsubsection.4.7.1.19}{\376\377\000s\000e\000t\000u\000p\000\137\000P\000C\000B}{subsection.4.7.1}% 149
\BOOKMARK [3][-]{subsubsection.4.7.1.20}{\376\377\000s\000t\000r\000i\000n\000g\000\137\000P\000C\000B}{subsection.4.7.1}% 150
\BOOKMARK [2][-]{subsection.4.7.2}{\376\377\000V\000a\000r\000i\000a\000b\000l\000e\000\040\000D\000o\000c\000u\000m\000e\000n\000t\000a\000t\000i\000o\000n}{section.4.7}% 151
\BOOKMARK [3][-]{subsubsection.4.7.2.1}{\376\377\000r\000Q\000u\000e\000u\000e}{subsection.4.7.2}% 152
\BOOKMARK [3][-]{subsubsection.4.7.2.2}{\376\377\000w\000s\000Q\000u\000e\000u\000e}{subsection.4.7.2}% 153
\BOOKMARK [1][-]{section.4.8}{\376\377\000s\000r\000c\000/\000m\000p\000x\000\137\000r\0002\000.\000c}{chapter.4}% 154
\BOOKMARK [1][-]{section.4.9}{\376\377\000s\000r\000c\000/\000m\000p\000x\000\137\000r\0002\000.\000h\000\040\000F\000i\000l\000e\000\040\000R\000e\000f\000e\000r\000e\000n\000c\000e}{chapter.4}% 155
\BOOKMARK [2][-]{subsection.4.9.1}{\376\377\000D\000e\000f\000i\000n\000e\000\040\000D\000o\000c\000u\000m\000e\000n\000t\000a\000t\000i\000o\000n}{section.4.9}% 156
\BOOKMARK [3][-]{subsubsection.4.9.1.1}{\376\377\000A\000P\000P\000L\000I\000C\000A\000T\000I\000O\000N}{subsection.4.9.1}% 157
\BOOKMARK [3][-]{subsubsection.4.9.1.2}{\376\377\000B\000L\000O\000C\000K\000E\000D}{subsection.4.9.1}% 158
\BOOKMARK [3][-]{subsubsection.4.9.1.3}{\376\377\000F\000I\000F\000O}{subsection.4.9.1}% 159
\BOOKMARK [3][-]{subsubsection.4.9.1.4}{\376\377\000M\000A\000X\000\137\000L\000I\000N\000E}{subsection.4.9.1}% 160
\BOOKMARK [3][-]{subsubsection.4.9.1.5}{\376\377\000P\000O\000R\000D\000R}{subsection.4.9.1}% 161
\BOOKMARK [3][-]{subsubsection.4.9.1.6}{\376\377\000R\000E\000A\000D\000Y}{subsection.4.9.1}% 162
\BOOKMARK [3][-]{subsubsection.4.9.1.7}{\376\377\000R\000U\000N\000N\000I\000N\000G}{subsection.4.9.1}% 163
\BOOKMARK [3][-]{subsubsection.4.9.1.8}{\376\377\000S\000T\000A\000C\000K\000S\000I\000Z\000E}{subsection.4.9.1}% 164
\BOOKMARK [3][-]{subsubsection.4.9.1.9}{\376\377\000S\000T\000R\000L\000E\000N}{subsection.4.9.1}% 165
\BOOKMARK [3][-]{subsubsection.4.9.1.10}{\376\377\000S\000U\000S\000P\000E\000N\000D\000E\000D\000\137\000B\000L\000O\000C\000K\000E\000D}{subsection.4.9.1}% 166
\BOOKMARK [3][-]{subsubsection.4.9.1.11}{\376\377\000S\000U\000S\000P\000E\000N\000D\000E\000D\000\137\000R\000E\000A\000D\000Y}{subsection.4.9.1}% 167
\BOOKMARK [3][-]{subsubsection.4.9.1.12}{\376\377\000S\000Y\000S\000T\000E\000M}{subsection.4.9.1}% 168
\BOOKMARK [3][-]{subsubsection.4.9.1.13}{\376\377\000Z\000E\000R\000O}{subsection.4.9.1}% 169
\BOOKMARK [2][-]{subsection.4.9.2}{\376\377\000T\000y\000p\000e\000d\000e\000f\000\040\000D\000o\000c\000u\000m\000e\000n\000t\000a\000t\000i\000o\000n}{section.4.9}% 170
\BOOKMARK [3][-]{subsubsection.4.9.2.1}{\376\377\000E\000L\000E\000M}{subsection.4.9.2}% 171
\BOOKMARK [3][-]{subsubsection.4.9.2.2}{\376\377\000M\000E\000M\000D\000S\000C}{subsection.4.9.2}% 172
\BOOKMARK [3][-]{subsubsection.4.9.2.3}{\376\377\000P\000C\000B}{subsection.4.9.2}% 173
\BOOKMARK [3][-]{subsubsection.4.9.2.4}{\376\377\000R\000O\000O\000T}{subsection.4.9.2}% 174
\BOOKMARK [3][-]{subsubsection.4.9.2.5}{\376\377\000S\000T\000A\000C\000K\000D\000S\000C}{subsection.4.9.2}% 175
\BOOKMARK [2][-]{subsection.4.9.3}{\376\377\000F\000u\000n\000c\000t\000i\000o\000n\000\040\000D\000o\000c\000u\000m\000e\000n\000t\000a\000t\000i\000o\000n}{section.4.9}% 176
\BOOKMARK [3][-]{subsubsection.4.9.3.1}{\376\377\000a\000l\000l\000o\000c\000a\000t\000e\000\137\000P\000C\000B}{subsection.4.9.3}% 177
\BOOKMARK [3][-]{subsubsection.4.9.3.2}{\376\377\000f\000i\000n\000d\000\137\000P\000C\000B}{subsection.4.9.3}% 178
\BOOKMARK [3][-]{subsubsection.4.9.3.3}{\376\377\000f\000r\000e\000e\000\137\000P\000C\000B}{subsection.4.9.3}% 179
\BOOKMARK [3][-]{subsubsection.4.9.3.4}{\376\377\000g\000e\000t\000R\000Q\000u\000e\000u\000e}{subsection.4.9.3}% 180
\BOOKMARK [3][-]{subsubsection.4.9.3.5}{\376\377\000g\000e\000t\000W\000S\000Q\000u\000e\000u\000e}{subsection.4.9.3}% 181
\BOOKMARK [3][-]{subsubsection.4.9.3.6}{\376\377\000i\000n\000s\000e\000r\000t\000\137\000F\000I\000F\000O}{subsection.4.9.3}% 182
\BOOKMARK [3][-]{subsubsection.4.9.3.7}{\376\377\000i\000n\000s\000e\000r\000t\000\137\000P\000C\000B}{subsection.4.9.3}% 183
\BOOKMARK [3][-]{subsubsection.4.9.3.8}{\376\377\000i\000n\000s\000e\000r\000t\000\137\000P\000O\000R\000D\000R}{subsection.4.9.3}% 184
\BOOKMARK [3][-]{subsubsection.4.9.3.9}{\376\377\000m\000p\000x\000c\000m\000d\000\137\000b\000l\000o\000c\000k}{subsection.4.9.3}% 185
\BOOKMARK [3][-]{subsubsection.4.9.3.10}{\376\377\000m\000p\000x\000c\000m\000d\000\137\000c\000r\000e\000a\000t\000e\000\137\000P\000C\000B}{subsection.4.9.3}% 186
\BOOKMARK [3][-]{subsubsection.4.9.3.11}{\376\377\000m\000p\000x\000c\000m\000d\000\137\000d\000e\000l\000e\000t\000e\000\137\000P\000C\000B}{subsection.4.9.3}% 187
\BOOKMARK [3][-]{subsubsection.4.9.3.12}{\376\377\000m\000p\000x\000c\000m\000d\000\137\000r\000e\000s\000u\000m\000e}{subsection.4.9.3}% 188
\BOOKMARK [3][-]{subsubsection.4.9.3.13}{\376\377\000m\000p\000x\000c\000m\000d\000\137\000s\000e\000t\000P\000r\000i\000o\000r\000i\000t\000y}{subsection.4.9.3}% 189
\BOOKMARK [3][-]{subsubsection.4.9.3.14}{\376\377\000m\000p\000x\000c\000m\000d\000\137\000s\000h\000o\000w\000\137\000P\000C\000B}{subsection.4.9.3}% 190
\BOOKMARK [3][-]{subsubsection.4.9.3.15}{\376\377\000m\000p\000x\000c\000m\000d\000\137\000s\000h\000o\000w\000A\000l\000l\000\137\000P\000C\000B}{subsection.4.9.3}% 191
\BOOKMARK [3][-]{subsubsection.4.9.3.16}{\376\377\000m\000p\000x\000c\000m\000d\000\137\000s\000h\000o\000w\000B\000l\000o\000c\000k\000e\000d\000\137\000P\000C\000B}{subsection.4.9.3}% 192
\BOOKMARK [3][-]{subsubsection.4.9.3.17}{\376\377\000m\000p\000x\000c\000m\000d\000\137\000s\000h\000o\000w\000R\000e\000a\000d\000y\000\137\000P\000C\000B}{subsection.4.9.3}% 193
\BOOKMARK [3][-]{subsubsection.4.9.3.18}{\376\377\000m\000p\000x\000c\000m\000d\000\137\000s\000u\000s\000p\000e\000n\000d}{subsection.4.9.3}% 194
\BOOKMARK [3][-]{subsubsection.4.9.3.19}{\376\377\000m\000p\000x\000c\000m\000d\000\137\000u\000n\000b\000l\000o\000c\000k}{subsection.4.9.3}% 195
\BOOKMARK [3][-]{subsubsection.4.9.3.20}{\376\377\000s\000e\000t\000R\000Q\000u\000e\000u\000e}{subsection.4.9.3}% 196
\BOOKMARK [3][-]{subsubsection.4.9.3.21}{\376\377\000s\000e\000t\000u\000p\000\137\000P\000C\000B}{subsection.4.9.3}% 197
\BOOKMARK [3][-]{subsubsection.4.9.3.22}{\376\377\000s\000e\000t\000W\000S\000Q\000u\000e\000u\000e}{subsection.4.9.3}% 198
\BOOKMARK [1][-]{section.4.10}{\376\377\000s\000r\000c\000/\000m\000p\000x\000\137\000r\0002\000.\000h}{chapter.4}% 199
\BOOKMARK [1][-]{section.4.11}{\376\377\000s\000r\000c\000/\000m\000p\000x\000\137\000r\0003\000.\000c\000\040\000F\000i\000l\000e\000\040\000R\000e\000f\000e\000r\000e\000n\000c\000e}{chapter.4}% 200
\BOOKMARK [2][-]{subsection.4.11.1}{\376\377\000F\000u\000n\000c\000t\000i\000o\000n\000\040\000D\000o\000c\000u\000m\000e\000n\000t\000a\000t\000i\000o\000n}{section.4.11}% 201
\BOOKMARK [3][-]{subsubsection.4.11.1.1}{\376\377\000d\000i\000s\000p\000a\000t\000c\000h}{subsection.4.11.1}% 202
\BOOKMARK [3][-]{subsubsection.4.11.1.2}{\376\377\000g\000e\000t\000H\000e\000a\000d\000\137\000P\000C\000B}{subsection.4.11.1}% 203
\BOOKMARK [3][-]{subsubsection.4.11.1.3}{\376\377\000m\000p\000x\000c\000m\000d\000\137\000g\000o\000r\0004}{subsection.4.11.1}% 204
\BOOKMARK [3][-]{subsubsection.4.11.1.4}{\376\377\000m\000p\000x\000c\000m\000d\000\137\000r\0003\000r\000u\000n}{subsection.4.11.1}% 205
\BOOKMARK [3][-]{subsubsection.4.11.1.5}{\376\377\000s\000y\000s\000\137\000c\000a\000l\000l}{subsection.4.11.1}% 206
\BOOKMARK [2][-]{subsection.4.11.2}{\376\377\000V\000a\000r\000i\000a\000b\000l\000e\000\040\000D\000o\000c\000u\000m\000e\000n\000t\000a\000t\000i\000o\000n}{section.4.11}% 207
\BOOKMARK [3][-]{subsubsection.4.11.2.1}{\376\377\000c\000o\000n\000t\000e\000x\000t\000\137\000p}{subsection.4.11.2}% 208
\BOOKMARK [3][-]{subsubsection.4.11.2.2}{\376\377\000c\000o\000p}{subsection.4.11.2}% 209
\BOOKMARK [3][-]{subsubsection.4.11.2.3}{\376\377\000H\000E\000A\000D}{subsection.4.11.2}% 210
\BOOKMARK [3][-]{subsubsection.4.11.2.4}{\376\377\000n\000e\000w\000\137\000s\000p}{subsection.4.11.2}% 211
\BOOKMARK [3][-]{subsubsection.4.11.2.5}{\376\377\000n\000e\000w\000\137\000s\000s}{subsection.4.11.2}% 212
\BOOKMARK [3][-]{subsubsection.4.11.2.6}{\376\377\000p\000a\000r\000a\000m\000\137\000p}{subsection.4.11.2}% 213
\BOOKMARK [3][-]{subsubsection.4.11.2.7}{\376\377\000R\000o\000o\000t}{subsection.4.11.2}% 214
\BOOKMARK [3][-]{subsubsection.4.11.2.8}{\376\377\000r\000Q\000u\000e\000u\000e}{subsection.4.11.2}% 215
\BOOKMARK [3][-]{subsubsection.4.11.2.9}{\376\377\000s\000p\000\137\000s\000a\000v\000e}{subsection.4.11.2}% 216
\BOOKMARK [3][-]{subsubsection.4.11.2.10}{\376\377\000s\000s\000\137\000s\000a\000v\000e}{subsection.4.11.2}% 217
\BOOKMARK [3][-]{subsubsection.4.11.2.11}{\376\377\000S\000T\000A\000C\000K}{subsection.4.11.2}% 218
\BOOKMARK [3][-]{subsubsection.4.11.2.12}{\376\377\000s\000y\000s\000\137\000s\000t\000a\000c\000k}{subsection.4.11.2}% 219
\BOOKMARK [3][-]{subsubsection.4.11.2.13}{\376\377\000T\000E\000M\000P}{subsection.4.11.2}% 220
\BOOKMARK [3][-]{subsubsection.4.11.2.14}{\376\377\000w\000s\000Q\000u\000e\000u\000e}{subsection.4.11.2}% 221
\BOOKMARK [1][-]{section.4.12}{\376\377\000s\000r\000c\000/\000m\000p\000x\000\137\000r\0003\000.\000c}{chapter.4}% 222
\BOOKMARK [1][-]{section.4.13}{\376\377\000s\000r\000c\000/\000M\000P\000X\000\137\000R\0003\000.\000H\000\040\000F\000i\000l\000e\000\040\000R\000e\000f\000e\000r\000e\000n\000c\000e}{chapter.4}% 223
\BOOKMARK [2][-]{subsection.4.13.1}{\376\377\000D\000e\000f\000i\000n\000e\000\040\000D\000o\000c\000u\000m\000e\000n\000t\000a\000t\000i\000o\000n}{section.4.13}% 224
\BOOKMARK [3][-]{subsubsection.4.13.1.1}{\376\377\000S\000Y\000S\000\137\000S\000T\000A\000C\000K\000\137\000S\000I\000Z\000E}{subsection.4.13.1}% 225
\BOOKMARK [2][-]{subsection.4.13.2}{\376\377\000T\000y\000p\000e\000d\000e\000f\000\040\000D\000o\000c\000u\000m\000e\000n\000t\000a\000t\000i\000o\000n}{section.4.13}% 226
\BOOKMARK [3][-]{subsubsection.4.13.2.1}{\376\377\000t\000c\000o\000n\000t\000e\000x\000t}{subsection.4.13.2}% 227
\BOOKMARK [3][-]{subsubsection.4.13.2.2}{\376\377\000t\000p\000a\000r\000a\000m\000s}{subsection.4.13.2}% 228
\BOOKMARK [2][-]{subsection.4.13.3}{\376\377\000F\000u\000n\000c\000t\000i\000o\000n\000\040\000D\000o\000c\000u\000m\000e\000n\000t\000a\000t\000i\000o\000n}{section.4.13}% 229
\BOOKMARK [3][-]{subsubsection.4.13.3.1}{\376\377\000d\000i\000s\000p\000a\000t\000c\000h}{subsection.4.13.3}% 230
\BOOKMARK [3][-]{subsubsection.4.13.3.2}{\376\377\000m\000p\000x\000c\000m\000d\000\137\000g\000o\000r\0004}{subsection.4.13.3}% 231
\BOOKMARK [3][-]{subsubsection.4.13.3.3}{\376\377\000m\000p\000x\000c\000m\000d\000\137\000r\0003\000r\000u\000n}{subsection.4.13.3}% 232
\BOOKMARK [3][-]{subsubsection.4.13.3.4}{\376\377\000s\000y\000s\000\137\000c\000a\000l\000l}{subsection.4.13.3}% 233
\BOOKMARK [1][-]{section.4.14}{\376\377\000s\000r\000c\000/\000M\000P\000X\000\137\000R\0003\000.\000H}{chapter.4}% 234
\BOOKMARK [1][-]{section.4.15}{\376\377\000s\000r\000c\000/\000m\000p\000x\000\137\000r\0004\000.\000c\000\040\000F\000i\000l\000e\000\040\000R\000e\000f\000e\000r\000e\000n\000c\000e}{chapter.4}% 235
\BOOKMARK [2][-]{subsection.4.15.1}{\376\377\000F\000u\000n\000c\000t\000i\000o\000n\000\040\000D\000o\000c\000u\000m\000e\000n\000t\000a\000t\000i\000o\000n}{section.4.15}% 236
\BOOKMARK [3][-]{subsubsection.4.15.1.1}{\376\377\000l\000o\000a\000d\000P\000r\000o\000g\000r\000a\000m}{subsection.4.15.1}% 237
\BOOKMARK [3][-]{subsubsection.4.15.1.2}{\376\377\000t\000e\000r\000m\000i\000n\000a\000t\000e\000P\000r\000o\000c\000e\000s\000s}{subsection.4.15.1}% 238
\BOOKMARK [2][-]{subsection.4.15.2}{\376\377\000V\000a\000r\000i\000a\000b\000l\000e\000\040\000D\000o\000c\000u\000m\000e\000n\000t\000a\000t\000i\000o\000n}{section.4.15}% 239
\BOOKMARK [3][-]{subsubsection.4.15.2.1}{\376\377\000l\000o\000a\000d\000A\000d\000d\000r}{subsection.4.15.2}% 240
\BOOKMARK [3][-]{subsubsection.4.15.2.2}{\376\377\000r\000Q\000u\000e\000u\000e}{subsection.4.15.2}% 241
\BOOKMARK [3][-]{subsubsection.4.15.2.3}{\376\377\000w\000s\000Q\000u\000e\000u\000e}{subsection.4.15.2}% 242
\BOOKMARK [1][-]{section.4.16}{\376\377\000s\000r\000c\000/\000m\000p\000x\000\137\000r\0004\000.\000c}{chapter.4}% 243
\BOOKMARK [1][-]{section.4.17}{\376\377\000s\000r\000c\000/\000m\000p\000x\000\137\000r\0004\000.\000c\000.\000B\000A\000S\000E\000.\000c\000\040\000F\000i\000l\000e\000\040\000R\000e\000f\000e\000r\000e\000n\000c\000e}{chapter.4}% 244
\BOOKMARK [2][-]{subsection.4.17.1}{\376\377\000F\000u\000n\000c\000t\000i\000o\000n\000\040\000D\000o\000c\000u\000m\000e\000n\000t\000a\000t\000i\000o\000n}{section.4.17}% 245
\BOOKMARK [3][-]{subsubsection.4.17.1.1}{\376\377\000l\000o\000a\000d\000P\000r\000o\000g\000r\000a\000m}{subsection.4.17.1}% 246
\BOOKMARK [3][-]{subsubsection.4.17.1.2}{\376\377\000t\000e\000r\000m\000i\000n\000a\000t\000e\000P\000r\000o\000c\000e\000s\000s}{subsection.4.17.1}% 247
\BOOKMARK [2][-]{subsection.4.17.2}{\376\377\000V\000a\000r\000i\000a\000b\000l\000e\000\040\000D\000o\000c\000u\000m\000e\000n\000t\000a\000t\000i\000o\000n}{section.4.17}% 248
\BOOKMARK [3][-]{subsubsection.4.17.2.1}{\376\377\000l\000o\000a\000d\000A\000d\000d\000r}{subsection.4.17.2}% 249
\BOOKMARK [3][-]{subsubsection.4.17.2.2}{\376\377\000r\000Q\000u\000e\000u\000e}{subsection.4.17.2}% 250
\BOOKMARK [3][-]{subsubsection.4.17.2.3}{\376\377\000w\000s\000Q\000u\000e\000u\000e}{subsection.4.17.2}% 251
\BOOKMARK [1][-]{section.4.18}{\376\377\000s\000r\000c\000/\000m\000p\000x\000\137\000r\0004\000.\000c\000.\000B\000A\000S\000E\000.\000c}{chapter.4}% 252
\BOOKMARK [1][-]{section.4.19}{\376\377\000s\000r\000c\000/\000m\000p\000x\000\137\000r\0004\000.\000c\000.\000L\000O\000C\000A\000L\000.\000c\000\040\000F\000i\000l\000e\000\040\000R\000e\000f\000e\000r\000e\000n\000c\000e}{chapter.4}% 253
\BOOKMARK [2][-]{subsection.4.19.1}{\376\377\000F\000u\000n\000c\000t\000i\000o\000n\000\040\000D\000o\000c\000u\000m\000e\000n\000t\000a\000t\000i\000o\000n}{section.4.19}% 254
\BOOKMARK [3][-]{subsubsection.4.19.1.1}{\376\377\000l\000o\000a\000d\000P\000r\000o\000g\000r\000a\000m}{subsection.4.19.1}% 255
\BOOKMARK [3][-]{subsubsection.4.19.1.2}{\376\377\000t\000e\000r\000m\000i\000n\000a\000t\000e\000P\000r\000o\000c\000e\000s\000s}{subsection.4.19.1}% 256
\BOOKMARK [2][-]{subsection.4.19.2}{\376\377\000V\000a\000r\000i\000a\000b\000l\000e\000\040\000D\000o\000c\000u\000m\000e\000n\000t\000a\000t\000i\000o\000n}{section.4.19}% 257
\BOOKMARK [3][-]{subsubsection.4.19.2.1}{\376\377\000l\000o\000a\000d\000A\000d\000d\000r}{subsection.4.19.2}% 258
\BOOKMARK [3][-]{subsubsection.4.19.2.2}{\376\377\000r\000Q\000u\000e\000u\000e}{subsection.4.19.2}% 259
\BOOKMARK [3][-]{subsubsection.4.19.2.3}{\376\377\000w\000s\000Q\000u\000e\000u\000e}{subsection.4.19.2}% 260
\BOOKMARK [1][-]{section.4.20}{\376\377\000s\000r\000c\000/\000m\000p\000x\000\137\000r\0004\000.\000c\000.\000L\000O\000C\000A\000L\000.\000c}{chapter.4}% 261
\BOOKMARK [1][-]{section.4.21}{\376\377\000s\000r\000c\000/\000m\000p\000x\000\137\000r\0004\000.\000c\000.\000R\000E\000M\000O\000T\000E\000.\000c\000\040\000F\000i\000l\000e\000\040\000R\000e\000f\000e\000r\000e\000n\000c\000e}{chapter.4}% 262
\BOOKMARK [2][-]{subsection.4.21.1}{\376\377\000F\000u\000n\000c\000t\000i\000o\000n\000\040\000D\000o\000c\000u\000m\000e\000n\000t\000a\000t\000i\000o\000n}{section.4.21}% 263
\BOOKMARK [3][-]{subsubsection.4.21.1.1}{\376\377\000l\000o\000a\000d\000P\000r\000o\000g\000r\000a\000m}{subsection.4.21.1}% 264
\BOOKMARK [3][-]{subsubsection.4.21.1.2}{\376\377\000t\000e\000r\000m\000i\000n\000a\000t\000e\000P\000r\000o\000c\000e\000s\000s}{subsection.4.21.1}% 265
\BOOKMARK [2][-]{subsection.4.21.2}{\376\377\000V\000a\000r\000i\000a\000b\000l\000e\000\040\000D\000o\000c\000u\000m\000e\000n\000t\000a\000t\000i\000o\000n}{section.4.21}% 266
\BOOKMARK [3][-]{subsubsection.4.21.2.1}{\376\377\000l\000o\000a\000d\000A\000d\000d\000r}{subsection.4.21.2}% 267
\BOOKMARK [3][-]{subsubsection.4.21.2.2}{\376\377\000r\000Q\000u\000e\000u\000e}{subsection.4.21.2}% 268
\BOOKMARK [3][-]{subsubsection.4.21.2.3}{\376\377\000w\000s\000Q\000u\000e\000u\000e}{subsection.4.21.2}% 269
\BOOKMARK [1][-]{section.4.22}{\376\377\000s\000r\000c\000/\000m\000p\000x\000\137\000r\0004\000.\000c\000.\000R\000E\000M\000O\000T\000E\000.\000c}{chapter.4}% 270
\BOOKMARK [1][-]{section.4.23}{\376\377\000s\000r\000c\000/\000m\000p\000x\000\137\000r\0004\000.\000h\000\040\000F\000i\000l\000e\000\040\000R\000e\000f\000e\000r\000e\000n\000c\000e}{chapter.4}% 271
\BOOKMARK [2][-]{subsection.4.23.1}{\376\377\000F\000u\000n\000c\000t\000i\000o\000n\000\040\000D\000o\000c\000u\000m\000e\000n\000t\000a\000t\000i\000o\000n}{section.4.23}% 272
\BOOKMARK [3][-]{subsubsection.4.23.1.1}{\376\377\000l\000o\000a\000d\000P\000r\000o\000g\000r\000a\000m}{subsection.4.23.1}% 273
\BOOKMARK [3][-]{subsubsection.4.23.1.2}{\376\377\000t\000e\000r\000m\000i\000n\000a\000t\000e\000P\000r\000o\000c\000e\000s\000s}{subsection.4.23.1}% 274
\BOOKMARK [1][-]{section.4.24}{\376\377\000s\000r\000c\000/\000m\000p\000x\000\137\000r\0004\000.\000h}{chapter.4}% 275
\BOOKMARK [1][-]{section.4.25}{\376\377\000s\000r\000c\000/\000M\000P\000X\000\137\000R\0005\000.\000C\000\040\000F\000i\000l\000e\000\040\000R\000e\000f\000e\000r\000e\000n\000c\000e}{chapter.4}% 276
\BOOKMARK [2][-]{subsection.4.25.1}{\376\377\000F\000u\000n\000c\000t\000i\000o\000n\000\040\000D\000o\000c\000u\000m\000e\000n\000t\000a\000t\000i\000o\000n}{section.4.25}% 277
\BOOKMARK [3][-]{subsubsection.4.25.1.1}{\376\377\000c\000o\000m\000\137\000c\000l\000o\000s\000e}{subsection.4.25.1}% 278
\BOOKMARK [3][-]{subsubsection.4.25.1.2}{\376\377\000c\000o\000m\000\137\000o\000p\000e\000n}{subsection.4.25.1}% 279
\BOOKMARK [3][-]{subsubsection.4.25.1.3}{\376\377\000c\000o\000m\000\137\000r\000e\000a\000d}{subsection.4.25.1}% 280
\BOOKMARK [3][-]{subsubsection.4.25.1.4}{\376\377\000c\000o\000m\000\137\000w\000r\000i\000t\000e}{subsection.4.25.1}% 281
\BOOKMARK [3][-]{subsubsection.4.25.1.5}{\376\377\000l\000e\000v\000e\000l\0001}{subsection.4.25.1}% 282
\BOOKMARK [3][-]{subsubsection.4.25.1.6}{\376\377\000l\000e\000v\000e\000l\0002\000R\000e\000a\000d}{subsection.4.25.1}% 283
\BOOKMARK [3][-]{subsubsection.4.25.1.7}{\376\377\000l\000e\000v\000e\000l\0002\000W\000r\000i\000t\000e}{subsection.4.25.1}% 284
\BOOKMARK [1][-]{section.4.26}{\376\377\000s\000r\000c\000/\000M\000P\000X\000\137\000R\0005\000.\000C}{chapter.4}% 285
\BOOKMARK [1][-]{section.4.27}{\376\377\000s\000r\000c\000/\000M\000P\000X\000\137\000R\0005\000.\000h\000\040\000F\000i\000l\000e\000\040\000R\000e\000f\000e\000r\000e\000n\000c\000e}{chapter.4}% 286
\BOOKMARK [2][-]{subsection.4.27.1}{\376\377\000D\000e\000f\000i\000n\000e\000\040\000D\000o\000c\000u\000m\000e\000n\000t\000a\000t\000i\000o\000n}{section.4.27}% 287
\BOOKMARK [3][-]{subsubsection.4.27.1.1}{\376\377\000B\000A\000S\000E}{subsection.4.27.1}% 288
\BOOKMARK [3][-]{subsubsection.4.27.1.2}{\376\377\000B\000R\000D\000\137\000L\000S\000B}{subsection.4.27.1}% 289
\BOOKMARK [3][-]{subsubsection.4.27.1.3}{\376\377\000B\000R\000D\000\137\000M\000S\000B}{subsection.4.27.1}% 290
\BOOKMARK [3][-]{subsubsection.4.27.1.4}{\376\377\000C\000L\000O\000S\000E\000D}{subsection.4.27.1}% 291
\BOOKMARK [3][-]{subsubsection.4.27.1.5}{\376\377\000E\000O\000I}{subsection.4.27.1}% 292
\BOOKMARK [3][-]{subsubsection.4.27.1.6}{\376\377\000F\000L\000A\000G\000\137\000C\000L\000E\000A\000R}{subsection.4.27.1}% 293
\BOOKMARK [3][-]{subsubsection.4.27.1.7}{\376\377\000I\000D\000L\000E}{subsection.4.27.1}% 294
\BOOKMARK [3][-]{subsubsection.4.27.1.8}{\376\377\000I\000N\000T\000\137\000E\000N}{subsection.4.27.1}% 295
\BOOKMARK [3][-]{subsubsection.4.27.1.9}{\376\377\000I\000N\000T\000\137\000I\000D}{subsection.4.27.1}% 296
\BOOKMARK [3][-]{subsubsection.4.27.1.10}{\376\377\000I\000N\000T\000\137\000I\000D\000\137\000R\000E\000G}{subsection.4.27.1}% 297
\BOOKMARK [3][-]{subsubsection.4.27.1.11}{\376\377\000I\000N\000V\000\137\000B\000A\000U\000D}{subsection.4.27.1}% 298
\BOOKMARK [3][-]{subsubsection.4.27.1.12}{\376\377\000I\000N\000V\000\137\000F\000L\000A\000G}{subsection.4.27.1}% 299
\BOOKMARK [3][-]{subsubsection.4.27.1.13}{\376\377\000L\000C}{subsection.4.27.1}% 300
\BOOKMARK [3][-]{subsubsection.4.27.1.14}{\376\377\000L\000S}{subsection.4.27.1}% 301
\BOOKMARK [3][-]{subsubsection.4.27.1.15}{\376\377\000M\000C}{subsection.4.27.1}% 302
\BOOKMARK [3][-]{subsubsection.4.27.1.16}{\376\377\000M\000S}{subsection.4.27.1}% 303
\BOOKMARK [3][-]{subsubsection.4.27.1.17}{\376\377\000N\000O\000\137\000E\000R\000R\000O\000R}{subsection.4.27.1}% 304
\BOOKMARK [3][-]{subsubsection.4.27.1.18}{\376\377\000O\000P\000E\000N}{subsection.4.27.1}% 305
\BOOKMARK [3][-]{subsubsection.4.27.1.19}{\376\377\000P\000I\000C\000\137\000C\000M\000D}{subsection.4.27.1}% 306
\BOOKMARK [3][-]{subsubsection.4.27.1.20}{\376\377\000P\000I\000C\000\137\000M\000A\000S\000K}{subsection.4.27.1}% 307
\BOOKMARK [3][-]{subsubsection.4.27.1.21}{\376\377\000P\000O\000R\000T\000\137\000A\000L\000R\000E\000A\000D\000Y\000\137\000O\000P\000E\000N}{subsection.4.27.1}% 308
\BOOKMARK [3][-]{subsubsection.4.27.1.22}{\376\377\000R\000E\000A\000D}{subsection.4.27.1}% 309
\BOOKMARK [3][-]{subsubsection.4.27.1.23}{\376\377\000R\000E\000A\000D\000\137\000D\000E\000V\000\137\000B\000U\000S\000Y}{subsection.4.27.1}% 310
\BOOKMARK [3][-]{subsubsection.4.27.1.24}{\376\377\000R\000E\000A\000D\000\137\000I\000N\000V\000\137\000B\000U\000F\000F\000\137\000A\000D\000D}{subsection.4.27.1}% 311
\BOOKMARK [3][-]{subsubsection.4.27.1.25}{\376\377\000R\000E\000A\000D\000\137\000I\000N\000V\000\137\000C\000O\000U\000N\000T}{subsection.4.27.1}% 312
\BOOKMARK [3][-]{subsubsection.4.27.1.26}{\376\377\000R\000E\000A\000D\000\137\000P\000O\000R\000T\000\137\000N\000O\000T\000\137\000O\000P\000E\000N}{subsection.4.27.1}% 313
\BOOKMARK [3][-]{subsubsection.4.27.1.27}{\376\377\000S\000E\000R\000I\000A\000L\000\137\000P\000O\000R\000T\000\137\000N\000O\000T\000\137\000O\000P\000E\000N}{subsection.4.27.1}% 314
\BOOKMARK [3][-]{subsubsection.4.27.1.28}{\376\377\000S\000E\000T}{subsection.4.27.1}% 315
\BOOKMARK [3][-]{subsubsection.4.27.1.29}{\376\377\000s\000i\000z\000e}{subsection.4.27.1}% 316
\BOOKMARK [3][-]{subsubsection.4.27.1.30}{\376\377\000W\000H\000A\000T\000I\000N\000T\000E\000R\000R\000U\000P\000T\000B\000I\000T}{subsection.4.27.1}% 317
\BOOKMARK [3][-]{subsubsection.4.27.1.31}{\376\377\000W\000R\000I\000T\000E}{subsection.4.27.1}% 318
\BOOKMARK [3][-]{subsubsection.4.27.1.32}{\376\377\000W\000R\000I\000T\000E\000\137\000D\000E\000V\000\137\000B\000U\000S\000Y}{subsection.4.27.1}% 319
\BOOKMARK [3][-]{subsubsection.4.27.1.33}{\376\377\000W\000R\000I\000T\000E\000\137\000I\000N\000V\000\137\000B\000U\000F\000F\000\137\000A\000D\000D}{subsection.4.27.1}% 320
\BOOKMARK [3][-]{subsubsection.4.27.1.34}{\376\377\000W\000R\000I\000T\000E\000\137\000I\000N\000V\000\137\000C\000O\000U\000N\000T}{subsection.4.27.1}% 321
\BOOKMARK [3][-]{subsubsection.4.27.1.35}{\376\377\000W\000R\000I\000T\000E\000\137\000P\000O\000R\000T\000\137\000N\000O\000T\000\137\000O\000P\000E\000N}{subsection.4.27.1}% 322
\BOOKMARK [2][-]{subsection.4.27.2}{\376\377\000T\000y\000p\000e\000d\000e\000f\000\040\000D\000o\000c\000u\000m\000e\000n\000t\000a\000t\000i\000o\000n}{section.4.27}% 323
\BOOKMARK [3][-]{subsubsection.4.27.2.1}{\376\377\000D\000C\000B}{subsection.4.27.2}% 324
\BOOKMARK [2][-]{subsection.4.27.3}{\376\377\000F\000u\000n\000c\000t\000i\000o\000n\000\040\000D\000o\000c\000u\000m\000e\000n\000t\000a\000t\000i\000o\000n}{section.4.27}% 325
\BOOKMARK [3][-]{subsubsection.4.27.3.1}{\376\377\000c\000o\000m\000\137\000c\000l\000o\000s\000e}{subsection.4.27.3}% 326
\BOOKMARK [3][-]{subsubsection.4.27.3.2}{\376\377\000c\000o\000m\000\137\000o\000p\000e\000n}{subsection.4.27.3}% 327
\BOOKMARK [3][-]{subsubsection.4.27.3.3}{\376\377\000c\000o\000m\000\137\000r\000e\000a\000d}{subsection.4.27.3}% 328
\BOOKMARK [3][-]{subsubsection.4.27.3.4}{\376\377\000c\000o\000m\000\137\000w\000r\000i\000t\000e}{subsection.4.27.3}% 329
\BOOKMARK [3][-]{subsubsection.4.27.3.5}{\376\377\000l\000e\000v\000e\000l\0001}{subsection.4.27.3}% 330
\BOOKMARK [3][-]{subsubsection.4.27.3.6}{\376\377\000l\000e\000v\000e\000l\0002\000R\000e\000a\000d}{subsection.4.27.3}% 331
\BOOKMARK [3][-]{subsubsection.4.27.3.7}{\376\377\000l\000e\000v\000e\000l\0002\000W\000r\000i\000t\000e}{subsection.4.27.3}% 332
\BOOKMARK [2][-]{subsection.4.27.4}{\376\377\000V\000a\000r\000i\000a\000b\000l\000e\000\040\000D\000o\000c\000u\000m\000e\000n\000t\000a\000t\000i\000o\000n}{section.4.27}% 333
\BOOKMARK [3][-]{subsubsection.4.27.4.1}{\376\377\000c\000a\000l\000l\000I\000n\000t}{subsection.4.27.4}% 334
\BOOKMARK [3][-]{subsubsection.4.27.4.2}{\376\377\000d\000c\000b\000P\000t\000r}{subsection.4.27.4}% 335
\BOOKMARK [3][-]{subsubsection.4.27.4.3}{\376\377\000n\000u\000m}{subsection.4.27.4}% 336
\BOOKMARK [3][-]{subsubsection.4.27.4.4}{\376\377\000o\000l\000d\000f\000u\000n\000c}{subsection.4.27.4}% 337
\BOOKMARK [1][-]{section.4.28}{\376\377\000s\000r\000c\000/\000M\000P\000X\000\137\000R\0005\000.\000h}{chapter.4}% 338
\BOOKMARK [1][-]{section.4.29}{\376\377\000s\000r\000c\000/\000m\000p\000x\000\137\000u\000t\000i\000l\000.\000c\000\040\000F\000i\000l\000e\000\040\000R\000e\000f\000e\000r\000e\000n\000c\000e}{chapter.4}% 339
\BOOKMARK [2][-]{subsection.4.29.1}{\376\377\000D\000e\000f\000i\000n\000e\000\040\000D\000o\000c\000u\000m\000e\000n\000t\000a\000t\000i\000o\000n}{section.4.29}% 340
\BOOKMARK [3][-]{subsubsection.4.29.1.1}{\376\377\000L\000I\000N\000E\000S\000\137\000P\000E\000R\000\137\000P\000A\000G\000E}{subsection.4.29.1}% 341
\BOOKMARK [2][-]{subsection.4.29.2}{\376\377\000F\000u\000n\000c\000t\000i\000o\000n\000\040\000D\000o\000c\000u\000m\000e\000n\000t\000a\000t\000i\000o\000n}{section.4.29}% 342
\BOOKMARK [3][-]{subsubsection.4.29.2.1}{\376\377\000e\000r\000r\000o\000r\000D\000e\000c\000o\000d\000e}{subsection.4.29.2}% 343
\BOOKMARK [3][-]{subsubsection.4.29.2.2}{\376\377\000m\000p\000x\000\137\000c\000l\000s}{subsection.4.29.2}% 344
\BOOKMARK [3][-]{subsubsection.4.29.2.3}{\376\377\000m\000p\000x\000\137\000p\000a\000g\000e\000r}{subsection.4.29.2}% 345
\BOOKMARK [3][-]{subsubsection.4.29.2.4}{\376\377\000m\000p\000x\000\137\000p\000a\000g\000e\000r\000\137\000i\000n\000i\000t}{subsection.4.29.2}% 346
\BOOKMARK [3][-]{subsubsection.4.29.2.5}{\376\377\000m\000p\000x\000\137\000r\000e\000a\000d\000l\000i\000n\000e}{subsection.4.29.2}% 347
\BOOKMARK [3][-]{subsubsection.4.29.2.6}{\376\377\000m\000p\000x\000p\000r\000o\000m\000p\000t\000\137\000a\000n\000y\000k\000e\000y}{subsection.4.29.2}% 348
\BOOKMARK [3][-]{subsubsection.4.29.2.7}{\376\377\000m\000p\000x\000p\000r\000o\000m\000p\000t\000\137\000i\000n\000t}{subsection.4.29.2}% 349
\BOOKMARK [3][-]{subsubsection.4.29.2.8}{\376\377\000m\000p\000x\000p\000r\000o\000m\000p\000t\000\137\000y\000n}{subsection.4.29.2}% 350
\BOOKMARK [1][-]{section.4.30}{\376\377\000s\000r\000c\000/\000m\000p\000x\000\137\000u\000t\000i\000l\000.\000c}{chapter.4}% 351
\BOOKMARK [1][-]{section.4.31}{\376\377\000s\000r\000c\000/\000m\000p\000x\000\137\000u\000t\000i\000l\000.\000h\000\040\000F\000i\000l\000e\000\040\000R\000e\000f\000e\000r\000e\000n\000c\000e}{chapter.4}% 352
\BOOKMARK [2][-]{subsection.4.31.1}{\376\377\000F\000u\000n\000c\000t\000i\000o\000n\000\040\000D\000o\000c\000u\000m\000e\000n\000t\000a\000t\000i\000o\000n}{section.4.31}% 353
\BOOKMARK [3][-]{subsubsection.4.31.1.1}{\376\377\000e\000r\000r\000o\000r\000D\000e\000c\000o\000d\000e}{subsection.4.31.1}% 354
\BOOKMARK [3][-]{subsubsection.4.31.1.2}{\376\377\000m\000p\000x\000\137\000c\000l\000s}{subsection.4.31.1}% 355
\BOOKMARK [3][-]{subsubsection.4.31.1.3}{\376\377\000m\000p\000x\000\137\000p\000a\000g\000e\000r}{subsection.4.31.1}% 356
\BOOKMARK [3][-]{subsubsection.4.31.1.4}{\376\377\000m\000p\000x\000\137\000p\000a\000g\000e\000r\000\137\000i\000n\000i\000t}{subsection.4.31.1}% 357
\BOOKMARK [3][-]{subsubsection.4.31.1.5}{\376\377\000m\000p\000x\000\137\000r\000e\000a\000d\000l\000i\000n\000e}{subsection.4.31.1}% 358
\BOOKMARK [3][-]{subsubsection.4.31.1.6}{\376\377\000m\000p\000x\000p\000r\000o\000m\000p\000t\000\137\000a\000n\000y\000k\000e\000y}{subsection.4.31.1}% 359
\BOOKMARK [3][-]{subsubsection.4.31.1.7}{\376\377\000m\000p\000x\000p\000r\000o\000m\000p\000t\000\137\000i\000n\000t}{subsection.4.31.1}% 360
\BOOKMARK [3][-]{subsubsection.4.31.1.8}{\376\377\000m\000p\000x\000p\000r\000o\000m\000p\000t\000\137\000y\000n}{subsection.4.31.1}% 361
\BOOKMARK [1][-]{section.4.32}{\376\377\000s\000r\000c\000/\000m\000p\000x\000\137\000u\000t\000i\000l\000.\000h}{chapter.4}% 362
\BOOKMARK [1][-]{section.4.33}{\376\377\000s\000r\000c\000/\000p\000r\000o\000c\000s\000-\000r\0003\000.\000c\000\040\000F\000i\000l\000e\000\040\000R\000e\000f\000e\000r\000e\000n\000c\000e}{chapter.4}% 363
\BOOKMARK [2][-]{subsection.4.33.1}{\376\377\000D\000e\000f\000i\000n\000e\000\040\000D\000o\000c\000u\000m\000e\000n\000t\000a\000t\000i\000o\000n}{section.4.33}% 364
\BOOKMARK [3][-]{subsubsection.4.33.1.1}{\376\377\000R\000C\000\137\0001}{subsection.4.33.1}% 365
\BOOKMARK [3][-]{subsubsection.4.33.1.2}{\376\377\000R\000C\000\137\0002}{subsection.4.33.1}% 366
\BOOKMARK [3][-]{subsubsection.4.33.1.3}{\376\377\000R\000C\000\137\0003}{subsection.4.33.1}% 367
\BOOKMARK [3][-]{subsubsection.4.33.1.4}{\376\377\000R\000C\000\137\0004}{subsection.4.33.1}% 368
\BOOKMARK [3][-]{subsubsection.4.33.1.5}{\376\377\000R\000C\000\137\0005}{subsection.4.33.1}% 369
\BOOKMARK [2][-]{subsection.4.33.2}{\376\377\000F\000u\000n\000c\000t\000i\000o\000n\000\040\000D\000o\000c\000u\000m\000e\000n\000t\000a\000t\000i\000o\000n}{section.4.33}% 370
\BOOKMARK [3][-]{subsubsection.4.33.2.1}{\376\377\000t\000e\000s\000t\0001\000\137\000R\0003}{subsection.4.33.2}% 371
\BOOKMARK [3][-]{subsubsection.4.33.2.2}{\376\377\000t\000e\000s\000t\0002\000\137\000R\0003}{subsection.4.33.2}% 372
\BOOKMARK [3][-]{subsubsection.4.33.2.3}{\376\377\000t\000e\000s\000t\0003\000\137\000R\0003}{subsection.4.33.2}% 373
\BOOKMARK [3][-]{subsubsection.4.33.2.4}{\376\377\000t\000e\000s\000t\0004\000\137\000R\0003}{subsection.4.33.2}% 374
\BOOKMARK [3][-]{subsubsection.4.33.2.5}{\376\377\000t\000e\000s\000t\0005\000\137\000R\0003}{subsection.4.33.2}% 375
\BOOKMARK [1][-]{section.4.34}{\376\377\000s\000r\000c\000/\000p\000r\000o\000c\000s\000-\000r\0003\000.\000c}{chapter.4}% 376
\BOOKMARK [1][-]{section.4.35}{\376\377\000s\000r\000c\000/\000t\000r\000m\000d\000r\000i\000v\000e\000.\000c\000\040\000F\000i\000l\000e\000\040\000R\000e\000f\000e\000r\000e\000n\000c\000e}{chapter.4}% 377
\BOOKMARK [2][-]{subsection.4.35.1}{\376\377\000D\000e\000f\000i\000n\000e\000\040\000D\000o\000c\000u\000m\000e\000n\000t\000a\000t\000i\000o\000n}{section.4.35}% 378
\BOOKMARK [3][-]{subsubsection.4.35.1.1}{\376\377\000B\000S}{subsection.4.35.1}% 379
\BOOKMARK [3][-]{subsubsection.4.35.1.2}{\376\377\000C\000L\000O\000S\000E\000\137\000F\000I\000L\000E}{subsection.4.35.1}% 380
\BOOKMARK [3][-]{subsubsection.4.35.1.3}{\376\377\000C\000R}{subsection.4.35.1}% 381
\BOOKMARK [3][-]{subsubsection.4.35.1.4}{\376\377\000D\000E\000V\000\137\000I\000D\000L\000E}{subsection.4.35.1}% 382
\BOOKMARK [3][-]{subsubsection.4.35.1.5}{\376\377\000D\000E\000V\000\137\000R\000E\000A\000D}{subsection.4.35.1}% 383
\BOOKMARK [3][-]{subsubsection.4.35.1.6}{\376\377\000D\000E\000V\000\137\000W\000R\000I\000T\000E}{subsection.4.35.1}% 384
\BOOKMARK [3][-]{subsubsection.4.35.1.7}{\376\377\000E\000S\000C}{subsection.4.35.1}% 385
\BOOKMARK [3][-]{subsubsection.4.35.1.8}{\376\377\000G\000E\000T\000\137\000C\000H\000A\000R}{subsection.4.35.1}% 386
\BOOKMARK [3][-]{subsubsection.4.35.1.9}{\376\377\000K\000B\000D\000\137\000I\000N\000T\000N\000U\000M}{subsection.4.35.1}% 387
\BOOKMARK [3][-]{subsubsection.4.35.1.10}{\376\377\000K\000B\000D\000\137\000L\000E\000V\000E\000L}{subsection.4.35.1}% 388
\BOOKMARK [3][-]{subsubsection.4.35.1.11}{\376\377\000L\000F}{subsection.4.35.1}% 389
\BOOKMARK [3][-]{subsubsection.4.35.1.12}{\376\377\000M\000A\000X\000\137\000X\000P\000O\000S}{subsection.4.35.1}% 390
\BOOKMARK [3][-]{subsubsection.4.35.1.13}{\376\377\000M\000A\000X\000\137\000Y\000P\000O\000S}{subsection.4.35.1}% 391
\BOOKMARK [3][-]{subsubsection.4.35.1.14}{\376\377\000O\000P\000E\000N\000\137\000F\000I\000L\000E}{subsection.4.35.1}% 392
\BOOKMARK [3][-]{subsubsection.4.35.1.15}{\376\377\000P\000I\000C\000\137\000C\000M\000D}{subsection.4.35.1}% 393
\BOOKMARK [3][-]{subsubsection.4.35.1.16}{\376\377\000P\000I\000C\000\137\000M\000A\000S\000K}{subsection.4.35.1}% 394
\BOOKMARK [3][-]{subsubsection.4.35.1.17}{\376\377\000R\000E\000S\000E\000T}{subsection.4.35.1}% 395
\BOOKMARK [3][-]{subsubsection.4.35.1.18}{\376\377\000S\000E\000T}{subsection.4.35.1}% 396
\BOOKMARK [3][-]{subsubsection.4.35.1.19}{\376\377\000W\000R\000I\000T\000E\000\137\000F\000I\000L\000E}{subsection.4.35.1}% 397
\BOOKMARK [3][-]{subsubsection.4.35.1.20}{\376\377\000W\000R\000I\000T\000E\000\137\000O\000N\000L\000Y}{subsection.4.35.1}% 398
\BOOKMARK [2][-]{subsection.4.35.2}{\376\377\000T\000y\000p\000e\000d\000e\000f\000\040\000D\000o\000c\000u\000m\000e\000n\000t\000a\000t\000i\000o\000n}{section.4.35}% 399
\BOOKMARK [3][-]{subsubsection.4.35.2.1}{\376\377\000b\000y\000t\000e}{subsection.4.35.2}% 400
\BOOKMARK [3][-]{subsubsection.4.35.2.2}{\376\377\000c\000o\000n\000t\000e\000x\000t}{subsection.4.35.2}% 401
\BOOKMARK [3][-]{subsubsection.4.35.2.3}{\376\377\000w\000o\000r\000d}{subsection.4.35.2}% 402
\BOOKMARK [2][-]{subsection.4.35.3}{\376\377\000F\000u\000n\000c\000t\000i\000o\000n\000\040\000D\000o\000c\000u\000m\000e\000n\000t\000a\000t\000i\000o\000n}{section.4.35}% 403
\BOOKMARK [3][-]{subsubsection.4.35.3.1}{\376\377\000c\000l\000e\000a\000r\000\137\000s\000c\000r}{subsection.4.35.3}% 404
\BOOKMARK [3][-]{subsubsection.4.35.3.2}{\376\377\000g\000o\000t\000o\000\137\000x\000y}{subsection.4.35.3}% 405
\BOOKMARK [3][-]{subsubsection.4.35.3.3}{\376\377\000k\000b\000d\000\137\000i\000h\000a\000n\000d}{subsection.4.35.3}% 406
\BOOKMARK [3][-]{subsubsection.4.35.3.4}{\376\377\000o\000u\000t\000\137\000c\000h\000a\000r}{subsection.4.35.3}% 407
\BOOKMARK [3][-]{subsubsection.4.35.3.5}{\376\377\000t\000r\000m\000\137\000c\000l\000e\000a\000r}{subsection.4.35.3}% 408
\BOOKMARK [3][-]{subsubsection.4.35.3.6}{\376\377\000t\000r\000m\000\137\000c\000l\000o\000s\000e}{subsection.4.35.3}% 409
\BOOKMARK [3][-]{subsubsection.4.35.3.7}{\376\377\000t\000r\000m\000\137\000g\000e\000t\000c}{subsection.4.35.3}% 410
\BOOKMARK [3][-]{subsubsection.4.35.3.8}{\376\377\000t\000r\000m\000\137\000g\000o\000t\000o\000x\000y}{subsection.4.35.3}% 411
\BOOKMARK [3][-]{subsubsection.4.35.3.9}{\376\377\000t\000r\000m\000\137\000o\000p\000e\000n}{subsection.4.35.3}% 412
\BOOKMARK [3][-]{subsubsection.4.35.3.10}{\376\377\000t\000r\000m\000\137\000r\000e\000a\000d}{subsection.4.35.3}% 413
\BOOKMARK [3][-]{subsubsection.4.35.3.11}{\376\377\000t\000r\000m\000\137\000w\000r\000i\000t\000e}{subsection.4.35.3}% 414
\BOOKMARK [2][-]{subsection.4.35.4}{\376\377\000V\000a\000r\000i\000a\000b\000l\000e\000\040\000D\000o\000c\000u\000m\000e\000n\000t\000a\000t\000i\000o\000n}{section.4.35}% 415
\BOOKMARK [3][-]{subsubsection.4.35.4.1}{\376\377\000c\000o\000n\000\137\000h\000a\000n\000d\000l\000e}{subsection.4.35.4}% 416
\BOOKMARK [3][-]{subsubsection.4.35.4.2}{\376\377\000d\000c\000b\000\137\000t\000r\000m}{subsection.4.35.4}% 417
\BOOKMARK [3][-]{subsubsection.4.35.4.3}{\376\377\000e\000f\000l\000a\000g\000\137\000p}{subsection.4.35.4}% 418
\BOOKMARK [3][-]{subsubsection.4.35.4.4}{\376\377\000i\000n\000\137\000b\000u\000f\000\137\000p}{subsection.4.35.4}% 419
\BOOKMARK [3][-]{subsubsection.4.35.4.5}{\376\377\000i\000n\000\137\000c\000o\000u\000n\000t\000\137\000p}{subsection.4.35.4}% 420
\BOOKMARK [3][-]{subsubsection.4.35.4.6}{\376\377\000i\000n\000\137\000c\000t\000r}{subsection.4.35.4}% 421
\BOOKMARK [3][-]{subsubsection.4.35.4.7}{\376\377\000i\000n\000\137\000m\000a\000x}{subsection.4.35.4}% 422
\BOOKMARK [3][-]{subsubsection.4.35.4.8}{\376\377\000o\000l\000d\000\137\000k\000b\000h\000a\000n\000d\000\137\000p}{subsection.4.35.4}% 423
\BOOKMARK [3][-]{subsubsection.4.35.4.9}{\376\377\000o\000p\000e\000n}{subsection.4.35.4}% 424
\BOOKMARK [3][-]{subsubsection.4.35.4.10}{\376\377\000o\000u\000t\000\137\000b\000u\000f\000\137\000p}{subsection.4.35.4}% 425
\BOOKMARK [3][-]{subsubsection.4.35.4.11}{\376\377\000o\000u\000t\000\137\000c\000o\000u\000n\000t\000\137\000p}{subsection.4.35.4}% 426
\BOOKMARK [3][-]{subsubsection.4.35.4.12}{\376\377\000o\000u\000t\000\137\000c\000t\000r}{subsection.4.35.4}% 427
\BOOKMARK [3][-]{subsubsection.4.35.4.13}{\376\377\000o\000u\000t\000\137\000m\000a\000x}{subsection.4.35.4}% 428
\BOOKMARK [3][-]{subsubsection.4.35.4.14}{\376\377\000p\000e\000n\000d\000c}{subsection.4.35.4}% 429
\BOOKMARK [3][-]{subsubsection.4.35.4.15}{\376\377\000r\000e\000g\000s}{subsection.4.35.4}% 430
\BOOKMARK [3][-]{subsubsection.4.35.4.16}{\376\377\000s\000e\000g\000s}{subsection.4.35.4}% 431
\BOOKMARK [3][-]{subsubsection.4.35.4.17}{\376\377\000s\000t\000a\000t\000u\000s}{subsection.4.35.4}% 432
\BOOKMARK [1][-]{section.4.36}{\376\377\000s\000r\000c\000/\000t\000r\000m\000d\000r\000i\000v\000e\000.\000c}{chapter.4}% 433
\BOOKMARK [1][-]{section.4.37}{\376\377\000s\000r\000c\000/\000t\000r\000m\000d\000r\000i\000v\000e\000.\000h\000\040\000F\000i\000l\000e\000\040\000R\000e\000f\000e\000r\000e\000n\000c\000e}{chapter.4}% 434
\BOOKMARK [2][-]{subsection.4.37.1}{\376\377\000D\000e\000f\000i\000n\000e\000\040\000D\000o\000c\000u\000m\000e\000n\000t\000a\000t\000i\000o\000n}{section.4.37}% 435
\BOOKMARK [3][-]{subsubsection.4.37.1.1}{\376\377\000E\000R\000R\000\137\000T\000R\000M\000\137\000C\000L\000\137\000C\000L\000F\000A\000I\000L}{subsection.4.37.1}% 436
\BOOKMARK [3][-]{subsubsection.4.37.1.2}{\376\377\000E\000R\000R\000\137\000T\000R\000M\000\137\000C\000L\000\137\000N\000O\000T\000O\000P\000N}{subsection.4.37.1}% 437
\BOOKMARK [3][-]{subsubsection.4.37.1.3}{\376\377\000E\000R\000R\000\137\000T\000R\000M\000\137\000O\000P\000\137\000A\000L\000R\000O\000P\000N}{subsection.4.37.1}% 438
\BOOKMARK [3][-]{subsubsection.4.37.1.4}{\376\377\000E\000R\000R\000\137\000T\000R\000M\000\137\000O\000P\000\137\000I\000N\000V\000E\000F\000P}{subsection.4.37.1}% 439
\BOOKMARK [3][-]{subsubsection.4.37.1.5}{\376\377\000E\000R\000R\000\137\000T\000R\000M\000\137\000O\000P\000\137\000O\000P\000F\000A\000I\000L}{subsection.4.37.1}% 440
\BOOKMARK [3][-]{subsubsection.4.37.1.6}{\376\377\000E\000R\000R\000\137\000T\000R\000M\000\137\000R\000D\000\137\000D\000V\000B\000U\000S\000Y}{subsection.4.37.1}% 441
\BOOKMARK [3][-]{subsubsection.4.37.1.7}{\376\377\000E\000R\000R\000\137\000T\000R\000M\000\137\000R\000D\000\137\000I\000N\000V\000B\000U\000F}{subsection.4.37.1}% 442
\BOOKMARK [3][-]{subsubsection.4.37.1.8}{\376\377\000E\000R\000R\000\137\000T\000R\000M\000\137\000R\000D\000\137\000I\000N\000V\000C\000N\000T}{subsection.4.37.1}% 443
\BOOKMARK [3][-]{subsubsection.4.37.1.9}{\376\377\000E\000R\000R\000\137\000T\000R\000M\000\137\000R\000D\000\137\000N\000O\000T\000O\000P\000N}{subsection.4.37.1}% 444
\BOOKMARK [3][-]{subsubsection.4.37.1.10}{\376\377\000E\000R\000R\000\137\000T\000R\000M\000\137\000W\000R\000\137\000D\000V\000B\000U\000S\000Y}{subsection.4.37.1}% 445
\BOOKMARK [3][-]{subsubsection.4.37.1.11}{\376\377\000E\000R\000R\000\137\000T\000R\000M\000\137\000W\000R\000\137\000I\000N\000V\000B\000U\000F}{subsection.4.37.1}% 446
\BOOKMARK [3][-]{subsubsection.4.37.1.12}{\376\377\000E\000R\000R\000\137\000T\000R\000M\000\137\000W\000R\000\137\000I\000N\000V\000C\000N\000T}{subsection.4.37.1}% 447
\BOOKMARK [3][-]{subsubsection.4.37.1.13}{\376\377\000E\000R\000R\000\137\000T\000R\000M\000\137\000W\000R\000\137\000N\000O\000T\000O\000P\000N}{subsection.4.37.1}% 448
\BOOKMARK [3][-]{subsubsection.4.37.1.14}{\376\377\000E\000R\000R\000\137\000T\000R\000M\000\137\000X\000Y\000\137\000I\000N\000V\000P\000O\000S}{subsection.4.37.1}% 449
\BOOKMARK [2][-]{subsection.4.37.2}{\376\377\000F\000u\000n\000c\000t\000i\000o\000n\000\040\000D\000o\000c\000u\000m\000e\000n\000t\000a\000t\000i\000o\000n}{section.4.37}% 450
\BOOKMARK [3][-]{subsubsection.4.37.2.1}{\376\377\000t\000r\000m\000\137\000c\000l\000e\000a\000r}{subsection.4.37.2}% 451
\BOOKMARK [3][-]{subsubsection.4.37.2.2}{\376\377\000t\000r\000m\000\137\000c\000l\000o\000s\000e}{subsection.4.37.2}% 452
\BOOKMARK [3][-]{subsubsection.4.37.2.3}{\376\377\000t\000r\000m\000\137\000g\000e\000t\000c}{subsection.4.37.2}% 453
\BOOKMARK [3][-]{subsubsection.4.37.2.4}{\376\377\000t\000r\000m\000\137\000g\000o\000t\000o\000x\000y}{subsection.4.37.2}% 454
\BOOKMARK [3][-]{subsubsection.4.37.2.5}{\376\377\000t\000r\000m\000\137\000o\000p\000e\000n}{subsection.4.37.2}% 455
\BOOKMARK [3][-]{subsubsection.4.37.2.6}{\376\377\000t\000r\000m\000\137\000r\000e\000a\000d}{subsection.4.37.2}% 456
\BOOKMARK [3][-]{subsubsection.4.37.2.7}{\376\377\000t\000r\000m\000\137\000w\000r\000i\000t\000e}{subsection.4.37.2}% 457
\BOOKMARK [1][-]{section.4.38}{\376\377\000s\000r\000c\000/\000t\000r\000m\000d\000r\000i\000v\000e\000.\000h}{chapter.4}% 458
